2021-10-27 07:07:27,463 INFO  [main] org.ex.Main : Starting Main using Java 1.8.0_301 on MoonDUST with PID 2872 (C:\Users\asime\revature\repos\project2\CalendarWebApp\target\classes started by asime in C:\Users\asime\revature\repos\project2\CalendarWebApp)
2021-10-27 07:07:27,476 DEBUG [main] org.ex.Main : Running with Spring Boot v2.5.5, Spring v5.3.10
2021-10-27 07:07:27,476 INFO  [main] org.ex.Main : No active profile set, falling back to default profiles: default
2021-10-27 07:07:51,966 INFO  [main] org.ex.Main : Started Main in 25.513 seconds (JVM running for 26.382)
2021-10-27 07:12:48,557 INFO  [main] org.ex.Main : Starting Main using Java 1.8.0_301 on MoonDUST with PID 11792 (C:\Users\asime\revature\repos\project2\CalendarWebApp\target\classes started by asime in C:\Users\asime\revature\repos\project2\CalendarWebApp)
2021-10-27 07:12:48,601 DEBUG [main] org.ex.Main : Running with Spring Boot v2.5.5, Spring v5.3.10
2021-10-27 07:12:48,601 INFO  [main] org.ex.Main : No active profile set, falling back to default profiles: default
2021-10-27 07:13:18,016 INFO  [main] org.ex.Main : Started Main in 30.334 seconds (JVM running for 31.172)
2021-10-27 07:13:27,287 DEBUG [http-nio-8001-exec-2] org.ex.controllers.UserController : PLaFarge successfully logged in
2021-10-27 07:13:27,636 DEBUG [http-nio-8001-exec-4] org.ex.controllers.TaskController : Returning tasks for user_id: 13
2021-10-27 07:13:27,736 DEBUG [http-nio-8001-exec-5] org.ex.controllers.GroupController : Returning list of groups that user_id: 13 is a part of
2021-10-27 07:13:32,850 DEBUG [http-nio-8001-exec-6] org.ex.controllers.TaskController : Returning tasks for group_id: 11
2021-10-27 07:13:41,389 DEBUG [http-nio-8001-exec-7] org.ex.controllers.TaskController : Returning tasks for group_id: 10
2021-10-27 07:13:43,696 DEBUG [http-nio-8001-exec-8] org.ex.controllers.TaskController : Failed to find any tasks for group_id: 9
2021-10-27 07:13:51,029 DEBUG [http-nio-8001-exec-9] org.ex.controllers.TaskController : Returning tasks for user_id: 13
2021-10-27 07:13:51,035 DEBUG [http-nio-8001-exec-10] org.ex.controllers.GroupController : Returning list of groups that user_id: 13 is a part of
2021-10-27 07:14:11,966 DEBUG [http-nio-8001-exec-2] org.ex.controllers.GroupController : Successfully added RadDad to group2
2021-10-27 07:14:12,271 DEBUG [http-nio-8001-exec-3] org.ex.controllers.TaskController : Returning tasks for user_id: 13
2021-10-27 07:14:12,367 DEBUG [http-nio-8001-exec-4] org.ex.controllers.GroupController : Returning list of groups that user_id: 13 is a part of
2021-10-27 07:14:40,626 DEBUG [http-nio-8001-exec-5] org.ex.controllers.UserController : user RadDad failed login
2021-10-27 07:14:57,889 DEBUG [http-nio-8001-exec-6] org.ex.controllers.UserController : RadDad successfully logged in
2021-10-27 07:14:58,110 DEBUG [http-nio-8001-exec-9] org.ex.controllers.TaskController : Returning tasks for user_id: 14
2021-10-27 07:14:58,210 DEBUG [http-nio-8001-exec-8] org.ex.controllers.GroupController : Returning list of groups that user_id: 14 is a part of
2021-10-27 07:15:01,789 DEBUG [http-nio-8001-exec-10] org.ex.controllers.TaskController : Returning tasks for group_id: 10
2021-10-27 07:17:06,897 DEBUG [http-nio-8001-exec-4] org.ex.controllers.UserController : Created new user User(id=0, first_name=Marlo, last_name=Stanfield, user_name=MStanf, user_type=MANAGER, email=freshcoffee@coffee.com, user_password=nopass)
2021-10-27 07:17:20,431 DEBUG [http-nio-8001-exec-5] org.ex.controllers.UserController : MStanf successfully logged in
2021-10-27 07:17:20,579 DEBUG [http-nio-8001-exec-9] org.ex.controllers.GroupController : Failed to find any groups for user with id: 15
2021-10-27 07:17:20,665 DEBUG [http-nio-8001-exec-7] org.ex.controllers.TaskController : Failed to find any tasks for user_id: 15
2021-10-27 07:17:24,628 DEBUG [http-nio-8001-exec-8] org.ex.controllers.GroupController : Failed to find any groups for user with id: 15
2021-10-27 07:17:42,893 DEBUG [http-nio-8001-exec-1] org.ex.controllers.TaskController : Created new task
2021-10-27 07:17:43,742 DEBUG [http-nio-8001-exec-2] org.ex.controllers.TaskController : Returning tasks for user_id: 15
2021-10-27 07:17:43,748 DEBUG [http-nio-8001-exec-3] org.ex.controllers.GroupController : Failed to find any groups for user with id: 15
2021-10-27 07:18:11,114 DEBUG [http-nio-8001-exec-4] org.ex.controllers.GroupController : Successfully added MStanf to group1
2021-10-27 07:18:11,472 DEBUG [http-nio-8001-exec-5] org.ex.controllers.TaskController : Returning tasks for user_id: 15
2021-10-27 07:18:11,570 DEBUG [http-nio-8001-exec-6] org.ex.controllers.GroupController : Returning list of groups that user_id: 15 is a part of
2021-10-27 07:18:16,232 DEBUG [http-nio-8001-exec-9] org.ex.controllers.TaskController : Failed to find any tasks for group_id: 9
2021-10-27 07:18:26,473 DEBUG [http-nio-8001-exec-7] org.ex.controllers.GroupController : Returning list of groups that user_id: 15 is a part of
2021-10-27 07:19:09,608 DEBUG [http-nio-8001-exec-8] org.ex.controllers.TaskController : Created new task
2021-10-27 07:19:10,252 DEBUG [http-nio-8001-exec-10] org.ex.controllers.TaskController : Returning tasks for user_id: 15
2021-10-27 07:19:10,361 DEBUG [http-nio-8001-exec-1] org.ex.controllers.GroupController : Returning list of groups that user_id: 15 is a part of
2021-10-27 07:19:17,167 DEBUG [http-nio-8001-exec-2] org.ex.controllers.TaskController : Returning tasks for group_id: 9
2021-10-27 07:19:23,917 DEBUG [http-nio-8001-exec-3] org.ex.controllers.TaskController : Returning tasks for user_id: 15
2021-10-27 07:19:23,929 DEBUG [http-nio-8001-exec-4] org.ex.controllers.GroupController : Returning list of groups that user_id: 15 is a part of
2021-10-27 07:19:52,291 DEBUG [http-nio-8001-exec-6] org.ex.controllers.TaskController : Successfully updated task a deer
2021-10-27 07:19:52,885 DEBUG [http-nio-8001-exec-7] org.ex.controllers.GroupController : Returning list of groups that user_id: 15 is a part of
2021-10-27 07:19:52,981 DEBUG [http-nio-8001-exec-9] org.ex.controllers.TaskController : Returning tasks for user_id: 15
2021-10-27 07:20:30,503 DEBUG [http-nio-8001-exec-8] org.ex.controllers.TaskController : Returning tasks for group_id: 9
2021-10-27 07:21:05,114 DEBUG [http-nio-8001-exec-1] org.ex.controllers.UserController : PLaFarge successfully logged in
2021-10-27 07:21:05,266 DEBUG [http-nio-8001-exec-3] org.ex.controllers.GroupController : Returning list of groups that user_id: 13 is a part of
2021-10-27 07:21:05,367 DEBUG [http-nio-8001-exec-2] org.ex.controllers.TaskController : Returning tasks for user_id: 13
2021-10-27 07:21:08,831 DEBUG [http-nio-8001-exec-4] org.ex.controllers.TaskController : Returning tasks for group_id: 9
2021-10-27 07:21:23,866 DEBUG [http-nio-8001-exec-5] org.ex.controllers.TaskController : Returning tasks for group_id: 9
2021-10-27 07:22:14,995 DEBUG [http-nio-8001-exec-7] org.ex.controllers.TaskController : Returning tasks for user_id: 13
2021-10-27 07:22:14,997 DEBUG [http-nio-8001-exec-9] org.ex.controllers.GroupController : Returning list of groups that user_id: 13 is a part of
2021-10-27 07:22:30,357 DEBUG [http-nio-8001-exec-10] org.ex.controllers.TaskController : Failed to delete task, task with id 27 doesn't exist
2021-10-27 07:22:30,496 DEBUG [http-nio-8001-exec-1] org.ex.controllers.TaskController : Returning tasks for user_id: 13
2021-10-27 07:22:30,505 DEBUG [http-nio-8001-exec-3] org.ex.controllers.GroupController : Returning list of groups that user_id: 13 is a part of
2021-10-27 07:22:37,428 DEBUG [http-nio-8001-exec-2] org.ex.controllers.TaskController : Returning tasks for group_id: 9
2021-10-27 07:22:39,911 DEBUG [http-nio-8001-exec-4] org.ex.controllers.TaskController : Returning tasks for user_id: 13
2021-10-27 07:22:39,925 DEBUG [http-nio-8001-exec-5] org.ex.controllers.GroupController : Returning list of groups that user_id: 13 is a part of
2021-10-27 07:22:42,378 DEBUG [http-nio-8001-exec-6] org.ex.controllers.TaskController : Returning tasks for group_id: 11
2021-10-27 07:22:44,672 DEBUG [http-nio-8001-exec-7] org.ex.controllers.TaskController : Returning tasks for group_id: 10
2021-10-27 07:26:09,333 DEBUG [http-nio-8001-exec-1] org.ex.controllers.UserController : Successfully updated PLaFarge with new information
2021-10-27 07:26:30,121 DEBUG [http-nio-8001-exec-3] org.ex.controllers.UserController : PLaFarge successfully logged in
2021-10-27 07:26:30,368 DEBUG [http-nio-8001-exec-2] org.ex.controllers.TaskController : Returning tasks for user_id: 13
2021-10-27 07:26:30,376 DEBUG [http-nio-8001-exec-4] org.ex.controllers.GroupController : Returning list of groups that user_id: 13 is a part of
2021-10-27 07:28:46,525 DEBUG [http-nio-8001-exec-7] org.ex.controllers.UserController : RadDad successfully logged in
2021-10-27 07:28:46,643 DEBUG [http-nio-8001-exec-9] org.ex.controllers.TaskController : Returning tasks for user_id: 14
2021-10-27 07:28:46,754 DEBUG [http-nio-8001-exec-8] org.ex.controllers.GroupController : Returning list of groups that user_id: 14 is a part of
2021-10-27 07:29:46,164 DEBUG [http-nio-8001-exec-10] org.ex.controllers.GroupController : Successfully added RadDad to angular_test
2021-10-27 07:29:46,870 DEBUG [http-nio-8001-exec-1] org.ex.controllers.TaskController : Returning tasks for user_id: 14
2021-10-27 07:29:46,870 DEBUG [http-nio-8001-exec-3] org.ex.controllers.GroupController : Returning list of groups that user_id: 14 is a part of
2021-10-27 07:29:51,884 DEBUG [http-nio-8001-exec-2] org.ex.controllers.TaskController : Returning tasks for group_id: 7
2021-10-27 07:29:59,241 DEBUG [http-nio-8001-exec-4] org.ex.controllers.TaskController : Returning tasks for group_id: 7
2021-10-27 07:30:16,540 DEBUG [http-nio-8001-exec-6] org.ex.controllers.TaskController : Returning tasks for group_id: 7
2021-10-27 07:30:45,994 DEBUG [http-nio-8001-exec-5] org.ex.controllers.TaskController : Successfully updated task string
2021-10-27 07:30:46,501 DEBUG [http-nio-8001-exec-7] org.ex.controllers.TaskController : Returning tasks for user_id: 14
2021-10-27 07:30:46,592 DEBUG [http-nio-8001-exec-9] org.ex.controllers.GroupController : Returning list of groups that user_id: 14 is a part of
2021-10-27 07:30:54,331 DEBUG [http-nio-8001-exec-8] org.ex.controllers.TaskController : Returning tasks for group_id: 7
2021-10-27 07:38:09,183 DEBUG [http-nio-8001-exec-3] org.ex.controllers.UserController : Created new user User(id=0, first_name=Cedric , last_name=Daniels, user_name=LtDaniels, user_type=REGULAR, email=newuser@user.com, user_password=oldpassword)
2021-10-27 07:38:25,443 DEBUG [http-nio-8001-exec-2] org.ex.controllers.UserController : LtDaniels successfully logged in
2021-10-27 07:38:25,578 DEBUG [http-nio-8001-exec-5] org.ex.controllers.GroupController : Failed to find any groups for user with id: 16
2021-10-27 07:38:25,666 DEBUG [http-nio-8001-exec-6] org.ex.controllers.TaskController : Failed to find any tasks for user_id: 16
2021-10-27 07:38:39,878 DEBUG [http-nio-8001-exec-7] org.ex.controllers.TaskController : Failed to find any tasks for user_id: 16
2021-10-27 07:38:39,897 DEBUG [http-nio-8001-exec-9] org.ex.controllers.GroupController : Failed to find any groups for user with id: 16
2021-10-27 07:38:49,218 DEBUG [http-nio-8001-exec-8] org.ex.controllers.GroupController : Failed to find any groups for user with id: 16
2021-10-27 07:39:07,872 DEBUG [http-nio-8001-exec-10] org.ex.controllers.TaskController : Created new task
2021-10-27 07:39:09,675 DEBUG [http-nio-8001-exec-3] org.ex.controllers.GroupController : Failed to find any groups for user with id: 16
2021-10-27 07:39:09,675 DEBUG [http-nio-8001-exec-1] org.ex.controllers.TaskController : Returning tasks for user_id: 16
2021-10-27 07:40:08,697 DEBUG [http-nio-8001-exec-2] org.ex.controllers.UserController : PLaFarge successfully logged in
2021-10-27 07:40:08,821 DEBUG [http-nio-8001-exec-5] org.ex.controllers.GroupController : Returning list of groups that user_id: 13 is a part of
2021-10-27 07:40:08,912 DEBUG [http-nio-8001-exec-4] org.ex.controllers.TaskController : Returning tasks for user_id: 13
2021-10-27 07:40:23,912 DEBUG [http-nio-8001-exec-6] org.ex.controllers.TaskController : Returning tasks for group_id: 9
2021-10-27 07:40:26,987 DEBUG [http-nio-8001-exec-7] org.ex.controllers.TaskController : Returning tasks for group_id: 10
2021-10-27 07:40:28,979 DEBUG [http-nio-8001-exec-9] org.ex.controllers.TaskController : Returning tasks for group_id: 11
2021-10-27 07:40:34,015 DEBUG [http-nio-8001-exec-8] org.ex.controllers.TaskController : Returning tasks for user_id: 13
2021-10-27 07:40:34,029 DEBUG [http-nio-8001-exec-10] org.ex.controllers.GroupController : Returning list of groups that user_id: 13 is a part of
2021-10-27 07:40:49,362 DEBUG [http-nio-8001-exec-1] org.ex.controllers.GroupController : Successfully added LtDaniels to group1
2021-10-27 07:40:49,451 DEBUG [http-nio-8001-exec-2] org.ex.controllers.GroupController : Returning list of groups that user_id: 13 is a part of
2021-10-27 07:40:49,451 DEBUG [http-nio-8001-exec-3] org.ex.controllers.TaskController : Returning tasks for user_id: 13
2021-10-27 07:41:01,311 DEBUG [http-nio-8001-exec-5] org.ex.controllers.UserController : LtDaniels successfully logged in
2021-10-27 07:41:01,450 DEBUG [http-nio-8001-exec-6] org.ex.controllers.GroupController : Returning list of groups that user_id: 16 is a part of
2021-10-27 07:41:01,547 DEBUG [http-nio-8001-exec-4] org.ex.controllers.TaskController : Returning tasks for user_id: 16
2021-10-27 07:41:04,671 DEBUG [http-nio-8001-exec-7] org.ex.controllers.TaskController : Returning tasks for group_id: 9
2021-10-27 07:42:02,735 DEBUG [http-nio-8001-exec-10] org.ex.controllers.GroupController : Returning list of groups that user_id: 16 is a part of
2021-10-27 07:42:02,735 DEBUG [http-nio-8001-exec-8] org.ex.controllers.TaskController : Returning tasks for user_id: 16
2021-10-27 07:42:27,896 DEBUG [http-nio-8001-exec-3] org.ex.controllers.TaskController : Successfully updated task a day
2021-10-27 07:42:28,950 DEBUG [http-nio-8001-exec-1] org.ex.controllers.GroupController : Returning list of groups that user_id: 16 is a part of
2021-10-27 07:42:28,951 DEBUG [http-nio-8001-exec-2] org.ex.controllers.TaskController : Returning tasks for user_id: 16
2021-10-27 07:42:40,330 DEBUG [http-nio-8001-exec-6] org.ex.controllers.TaskController : Failed to delete task, task with id 42 doesn't exist
2021-10-27 07:42:40,775 DEBUG [http-nio-8001-exec-4] org.ex.controllers.TaskController : Failed to find any tasks for user_id: 16
2021-10-27 07:42:40,902 DEBUG [http-nio-8001-exec-7] org.ex.controllers.GroupController : Returning list of groups that user_id: 16 is a part of
2021-10-27 07:42:45,102 DEBUG [http-nio-8001-exec-9] org.ex.controllers.TaskController : Returning tasks for group_id: 9
2021-10-27 07:42:50,641 DEBUG [http-nio-8001-exec-10] org.ex.controllers.TaskController : Failed to find any tasks for user_id: 16
2021-10-27 07:42:50,641 DEBUG [http-nio-8001-exec-8] org.ex.controllers.GroupController : Returning list of groups that user_id: 16 is a part of
2021-10-27 07:43:17,971 DEBUG [http-nio-8001-exec-3] org.ex.controllers.UserController : Successfully updated CDaniels with new information
2021-10-27 07:43:33,451 DEBUG [http-nio-8001-exec-2] org.ex.controllers.UserController : CDaniels successfully logged in
2021-10-27 07:43:33,553 DEBUG [http-nio-8001-exec-5] org.ex.controllers.TaskController : Failed to find any tasks for user_id: 16
2021-10-27 07:43:33,653 DEBUG [http-nio-8001-exec-6] org.ex.controllers.GroupController : Returning list of groups that user_id: 16 is a part of
2021-10-27 07:43:40,932 DEBUG [http-nio-8001-exec-4] org.ex.controllers.TaskController : Returning tasks for group_id: 9
2021-10-27 07:44:08,024 DEBUG [http-nio-8001-exec-7] org.ex.controllers.UserController : PLaFarge successfully logged in
2021-10-27 07:44:08,141 DEBUG [http-nio-8001-exec-10] org.ex.controllers.TaskController : Returning tasks for user_id: 13
2021-10-27 07:44:08,267 DEBUG [http-nio-8001-exec-8] org.ex.controllers.GroupController : Returning list of groups that user_id: 13 is a part of
2021-10-27 07:44:21,503 DEBUG [http-nio-8001-exec-3] org.ex.controllers.GroupController : Returning list of groups that user_id: 13 is a part of
2021-10-27 07:44:37,976 DEBUG [http-nio-8001-exec-1] org.ex.controllers.TaskController : Returning tasks for group_id: 9
2021-10-27 07:44:40,823 DEBUG [http-nio-8001-exec-2] org.ex.controllers.GroupController : Returning list of groups that user_id: 13 is a part of
2021-10-27 07:45:29,190 DEBUG [http-nio-8001-exec-6] org.ex.controllers.TaskController : Created new task
2021-10-27 07:45:30,050 DEBUG [http-nio-8001-exec-4] org.ex.controllers.TaskController : Returning tasks for user_id: 13
2021-10-27 07:45:30,067 DEBUG [http-nio-8001-exec-7] org.ex.controllers.GroupController : Returning list of groups that user_id: 13 is a part of
2021-10-27 07:45:34,272 DEBUG [http-nio-8001-exec-9] org.ex.controllers.TaskController : Returning tasks for group_id: 9
2021-10-27 07:48:22,292 DEBUG [http-nio-8001-exec-3] org.ex.controllers.TaskController : Returning tasks for group_id: 10
2021-10-27 07:48:24,409 DEBUG [http-nio-8001-exec-1] org.ex.controllers.TaskController : Returning tasks for group_id: 9
2021-10-27 07:48:27,616 DEBUG [http-nio-8001-exec-2] org.ex.controllers.TaskController : Returning tasks for user_id: 13
2021-10-27 07:48:27,625 DEBUG [http-nio-8001-exec-5] org.ex.controllers.GroupController : Returning list of groups that user_id: 13 is a part of
2021-10-27 08:38:52,185 DEBUG [http-nio-8001-exec-9] org.ex.controllers.UserController : Created new user User(id=0, first_name=Antares, last_name=Simensis, user_name=Asime, user_type=REGULAR, email=user@user.com, user_password=pass)
2021-10-27 08:39:11,395 DEBUG [http-nio-8001-exec-8] org.ex.controllers.UserController : Asime successfully logged in
2021-10-27 08:39:11,559 DEBUG [http-nio-8001-exec-3] org.ex.controllers.TaskController : Failed to find any tasks for user_id: 17
2021-10-27 08:39:11,669 DEBUG [http-nio-8001-exec-2] org.ex.controllers.GroupController : Failed to find any groups for user with id: 17
2021-10-27 08:39:21,513 DEBUG [http-nio-8001-exec-5] org.ex.controllers.GroupController : Failed to find any groups for user with id: 17
2021-10-27 08:39:42,080 DEBUG [http-nio-8001-exec-4] org.ex.controllers.TaskController : Created new task
2021-10-27 08:39:43,401 DEBUG [http-nio-8001-exec-9] org.ex.controllers.GroupController : Failed to find any groups for user with id: 17
2021-10-27 08:39:43,405 DEBUG [http-nio-8001-exec-7] org.ex.controllers.TaskController : Returning tasks for user_id: 17
2021-10-27 08:40:13,663 DEBUG [http-nio-8001-exec-8] org.ex.controllers.TaskController : Successfully updated task a 
2021-10-27 08:40:14,696 DEBUG [http-nio-8001-exec-3] org.ex.controllers.GroupController : Failed to find any groups for user with id: 17
2021-10-27 08:40:14,698 DEBUG [http-nio-8001-exec-1] org.ex.controllers.TaskController : Returning tasks for user_id: 17
2021-10-27 08:40:39,619 DEBUG [http-nio-8001-exec-2] org.ex.controllers.UserController : PLaFarge successfully logged in
2021-10-27 08:40:39,791 DEBUG [http-nio-8001-exec-4] org.ex.controllers.GroupController : Returning list of groups that user_id: 13 is a part of
2021-10-27 08:40:39,883 DEBUG [http-nio-8001-exec-6] org.ex.controllers.TaskController : Returning tasks for user_id: 13
2021-10-27 08:40:57,436 DEBUG [http-nio-8001-exec-9] org.ex.controllers.GroupController : Returning list of groups that user_id: 13 is a part of
2021-10-27 08:41:12,847 DEBUG [http-nio-8001-exec-7] org.ex.controllers.TaskController : Returning tasks for group_id: 9
2021-10-27 08:41:20,027 DEBUG [http-nio-8001-exec-10] org.ex.controllers.TaskController : Returning tasks for group_id: 10
2021-10-27 08:41:23,215 DEBUG [http-nio-8001-exec-8] org.ex.controllers.TaskController : Returning tasks for group_id: 11
2021-10-27 08:41:47,749 DEBUG [http-nio-8001-exec-2] org.ex.controllers.GroupController : Successfully added Asime to group1
2021-10-27 08:41:48,632 DEBUG [http-nio-8001-exec-4] org.ex.controllers.GroupController : Returning list of groups that user_id: 13 is a part of
2021-10-27 08:41:48,643 DEBUG [http-nio-8001-exec-5] org.ex.controllers.TaskController : Returning tasks for user_id: 13
2021-10-27 08:42:06,748 DEBUG [http-nio-8001-exec-6] org.ex.controllers.UserController : Asime successfully logged in
2021-10-27 08:42:06,863 DEBUG [http-nio-8001-exec-9] org.ex.controllers.TaskController : Returning tasks for user_id: 17
2021-10-27 08:42:06,978 DEBUG [http-nio-8001-exec-7] org.ex.controllers.GroupController : Returning list of groups that user_id: 17 is a part of
2021-10-27 08:42:10,314 DEBUG [http-nio-8001-exec-10] org.ex.controllers.TaskController : Returning tasks for group_id: 9
2021-10-27 08:42:20,512 DEBUG [http-nio-8001-exec-8] org.ex.controllers.TaskController : Returning tasks for group_id: 9
